<?xml version="1.0" encoding="UTF-8"?>
<!-- Generated by org.testng.reporters.JUnitReportReporter -->
<testsuite hostname="LAPTOP-NGPJ1III" failures="0" tests="1" name="LabSession19Aug.LoginAutomationNG" time="0.005" errors="0" timestamp="2025-08-19T15:33:52 IST" skipped="1">
  <testcase classname="LabSession19Aug.LoginAutomationNG" name="testSkipDemo" time="0.005">
    <skipped/>
  </testcase> <!-- testSkipDemo -->
</testsuite> <!-- LabSession19Aug.LoginAutomationNG -->
