<?xml version="1.0" encoding="UTF-8"?>
<!-- Generated by org.testng.reporters.JUnitReportReporter -->
<testsuite hostname="LAPTOP-NGPJ1III" failures="0" tests="3" name="com.wipro.TestNGAnnotation" time="0.009" errors="0" timestamp="2025-08-19T10:50:32 IST" skipped="0">
  <testcase classname="com.wipro.TestNGAnnotation" name="testcase2" time="0.002"/>
  <testcase classname="com.wipro.TestNGAnnotation" name="testcase1" time="0.005"/>
  <testcase classname="com.wipro.TestNGAnnotation" name="testcase3" time="0.002"/>
</testsuite> <!-- com.wipro.TestNGAnnotation -->
