<?xml version="1.0" encoding="UTF-8"?>
<!-- Generated by org.testng.reporters.JUnitReportReporter -->
<testsuite hostname="LAPTOP-NGPJ1III" failures="0" tests="7" name="LabSession19Aug.FormFillingNG" time="16.130" errors="0" timestamp="2025-08-19T15:39:01 IST" skipped="1">
  <testcase classname="LabSession19Aug.FormFillingNG" name="fillBasicDetails" time="4.539"/>
  <testcase classname="LabSession19Aug.FormFillingNG" name="selectGenderAndExperience" time="2.166"/>
  <testcase classname="LabSession19Aug.FormFillingNG" name="enterDateAndProfession" time="2.110"/>
  <testcase classname="LabSession19Aug.FormFillingNG" name="selectToolsAndContinents" time="2.173"/>
  <testcase classname="LabSession19Aug.FormFillingNG" name="uploadFileAndSubmit" time="5.139"/>
  <testcase classname="LabSession19Aug.FormFillingNG" name="skipTestDemo" time="0.001">
    <skipped/>
  </testcase> <!-- skipTestDemo -->
  <testcase classname="LabSession19Aug.FormFillingNG" name="dummyTest" time="0.002"/>
</testsuite> <!-- LabSession19Aug.FormFillingNG -->
