<?xml version="1.0" encoding="UTF-8"?>
<!-- Generated by org.testng.reporters.JUnitReportReporter -->
<testsuite hostname="LAPTOP-NGPJ1III" failures="0" tests="5" name="LabSession19Aug.AddToCartNG" time="11.427" errors="0" timestamp="2025-08-19T15:31:27 IST" skipped="0">
  <testcase classname="LabSession19Aug.AddToCartNG" name="addPhoneToCart" time="4.242"/>
  <testcase classname="LabSession19Aug.AddToCartNG" name="addLaptopToCart" time="3.606"/>
  <testcase classname="LabSession19Aug.AddToCartNG" name="placeOrderAndPurchase" time="3.578"/>
  <testcase classname="LabSession19Aug.AddToCartNG" name="dummyTestcase1" time="0.000"/>
  <testcase classname="LabSession19Aug.AddToCartNG" name="dummyTestcase2" time="0.001"/>
</testsuite> <!-- LabSession19Aug.AddToCartNG -->
