<?xml version="1.0" encoding="UTF-8"?>
<!-- Generated by org.testng.reporters.JUnitReportReporter -->
<testsuite hostname="LAPTOP-NGPJ1III" failures="0" tests="1" name="LabSession18Aug.AddToCart" time="11.993" errors="0" timestamp="2025-08-19T15:25:42 IST" skipped="0">
  <testcase classname="LabSession18Aug.AddToCart" name="addToCartAndPurchase" time="11.993"/>
</testsuite> <!-- LabSession18Aug.AddToCart -->
