<?xml version="1.0" encoding="UTF-8"?>
<!-- Generated by org.testng.reporters.JUnitReportReporter -->
<testsuite hostname="LAPTOP-NGPJ1III" failures="0" tests="2" name="LabSession16Aug.GroupTestNg" time="0.008" errors="0" timestamp="2025-08-23T11:59:50 IST" skipped="0">
  <testcase classname="LabSession16Aug.GroupTestNg" name="loginTest" time="0.008"/>
  <testcase classname="LabSession16Aug.GroupTestNg" name="logoutTest" time="0.000"/>
</testsuite> <!-- LabSession16Aug.GroupTestNg -->
