<?xml version="1.0" encoding="UTF-8"?>
<!-- Generated by org.testng.reporters.JUnitReportReporter -->
<testsuite hostname="LAPTOP-NGPJ1III" failures="0" tests="1" name="com.wipro.TestNGDependencyCase" time="12.880" errors="0" timestamp="2025-08-23T12:47:31 IST" skipped="0">
  <testcase classname="com.wipro.TestNGDependencyCase" name="login" time="12.880"/>
</testsuite> <!-- com.wipro.TestNGDependencyCase -->
