<?xml version="1.0" encoding="UTF-8"?>
<!-- Generated by org.testng.reporters.JUnitReportReporter -->
<testsuite hostname="LAPTOP-NGPJ1III" failures="0" tests="1" name="com.wipro.SoftAssertion" time="12.833" errors="0" timestamp="2025-08-19T10:26:55 IST" skipped="0">
  <testcase classname="com.wipro.SoftAssertion" name="testLogin" time="12.833"/>
</testsuite> <!-- com.wipro.SoftAssertion -->
