<?xml version="1.0" encoding="UTF-8"?>
<!-- Generated by org.testng.reporters.JUnitReportReporter -->
<testsuite hostname="LAPTOP-NGPJ1III" failures="0" tests="2" name="com.wipro.TestNGTestCases" time="23.256" errors="0" timestamp="2025-08-20T11:04:18 IST" skipped="0">
  <testcase classname="com.wipro.TestNGTestCases" name="launchbrowser" time="7.525"/>
  <testcase classname="com.wipro.TestNGTestCases" name="login" time="15.731"/>
</testsuite> <!-- com.wipro.TestNGTestCases -->
