<?xml version="1.0" encoding="UTF-8"?>
<!-- Generated by org.testng.reporters.JUnitReportReporter -->
<testsuite hostname="LAPTOP-NGPJ1III" failures="0" tests="2" name="com.wipro.TsetNgSkipTestCases" time="5.842" errors="0" timestamp="2025-08-23T18:21:23 IST" skipped="1">
  <testcase classname="com.wipro.TsetNgSkipTestCases" name="launchbrowser" time="5.842"/>
  <testcase classname="com.wipro.TsetNgSkipTestCases" name="login">
    <skipped/>
  </testcase> <!-- login -->
</testsuite> <!-- com.wipro.TsetNgSkipTestCases -->
