<?xml version="1.0" encoding="UTF-8"?>
<!-- Generated by org.testng.reporters.JUnitReportReporter -->
<testsuite hostname="LAPTOP-NGPJ1III" failures="0" tests="1" name="com.wipro.TestNG_ListenerTestCase" time="16.428" errors="0" timestamp="2025-08-23T11:53:03 IST" skipped="0">
  <testcase classname="com.wipro.TestNG_ListenerTestCase" name="testlogin" time="16.428"/>
</testsuite> <!-- com.wipro.TestNG_ListenerTestCase -->
