<?xml version="1.0" encoding="UTF-8"?>
<!-- Generated by org.testng.reporters.JUnitReportReporter -->
<testsuite hostname="LAPTOP-NGPJ1III" failures="0" tests="1" name="LabSession18Aug.FormFilling" time="34.531" errors="0" timestamp="2025-08-19T15:35:16 IST" skipped="0">
  <testcase classname="LabSession18Aug.FormFilling" name="fillForm" time="34.531"/>
</testsuite> <!-- LabSession18Aug.FormFilling -->
