<?xml version="1.0" encoding="UTF-8"?>
<!-- Generated by org.testng.reporters.JUnitReportReporter -->
<testsuite hostname="LAPTOP-NGPJ1III" failures="0" tests="1" name="com.wipro.datadriventestcase.ExcelWrite" time="5.229" errors="0" timestamp="2025-08-19T17:49:59 IST" skipped="0">
  <testcase classname="com.wipro.datadriventestcase.ExcelWrite" name="login" time="5.229"/>
</testsuite> <!-- com.wipro.datadriventestcase.ExcelWrite -->
