<?xml version="1.0" encoding="UTF-8"?>
<!-- Generated by org.testng.reporters.JUnitReportReporter -->
<testsuite hostname="LAPTOP-NGPJ1III" failures="0" tests="1" name="com.wipro.TestNGGroupcase" time="0.006" errors="0" timestamp="2025-08-19T09:58:10 IST" skipped="0">
  <testcase classname="com.wipro.TestNGGroupcase" name="testcase3" time="0.006"/>
</testsuite> <!-- com.wipro.TestNGGroupcase -->
