<?xml version="1.0" encoding="UTF-8"?>
<!-- Generated by org.testng.reporters.JUnitReportReporter -->
<testsuite hostname="LAPTOP-NGPJ1III" failures="0" tests="1" name="com.wipro.datadriventestcase.ExcelRead" time="4.656" errors="0" timestamp="2025-08-19T16:56:55 IST" skipped="0">
  <testcase classname="com.wipro.datadriventestcase.ExcelRead" name="login" time="4.656"/>
</testsuite> <!-- com.wipro.datadriventestcase.ExcelRead -->
