<?xml version="1.0" encoding="UTF-8"?>
<!-- Generated by org.testng.reporters.JUnitReportReporter -->
<testsuite hostname="LAPTOP-NGPJ1III" failures="0" tests="2" name="LabSession16Aug.GroupTest2" time="0.013" errors="0" timestamp="2025-08-23T13:25:05 IST" skipped="0">
  <testcase classname="LabSession16Aug.GroupTest2" name="viewUser" time="0.002"/>
  <testcase classname="LabSession16Aug.GroupTest2" name="createUser" time="0.011"/>
</testsuite> <!-- LabSession16Aug.GroupTest2 -->
