<?xml version="1.0" encoding="UTF-8"?>
<!-- Generated by org.testng.reporters.JUnitReportReporter -->
<testsuite hostname="LAPTOP-NGPJ1III" failures="0" tests="1" name="com.wipro.HardAssertion" time="13.725" errors="0" timestamp="2025-08-19T10:21:13 IST" skipped="0">
  <testcase classname="com.wipro.HardAssertion" name="testLogin" time="13.725"/>
</testsuite> <!-- com.wipro.HardAssertion -->
