<?xml version="1.0" encoding="UTF-8"?>
<!-- Generated by org.testng.reporters.JUnitReportReporter -->
<testsuite hostname="LAPTOP-NGPJ1III" failures="0" tests="2" name="LabSession18Aug.LoginAutomation" time="12.050" errors="0" timestamp="2025-08-19T15:32:10 IST" skipped="0">
  <testcase classname="LabSession18Aug.LoginAutomation" name="testValidLogin" time="3.857"/>
  <testcase classname="LabSession18Aug.LoginAutomation" name="testInvalidLogin" time="8.193"/>
</testsuite> <!-- LabSession18Aug.LoginAutomation -->
